<?xml version="1.0" encoding="UTF-8"?>
<testng-results ignored="0" total="1" passed="1" failed="0" skipped="0">
  <reporter-output>
  </reporter-output>
  <suite started-at="2022-10-03T12:11:42 IST" name="Default suite" finished-at="2022-10-03T12:11:49 IST" duration-ms="6783">
    <groups>
    </groups>
    <test started-at="2022-10-03T12:11:42 IST" name="Default test" finished-at="2022-10-03T12:11:49 IST" duration-ms="6783">
      <class name="testCases.ExecuteTest">
        <test-method signature="testLogin()[pri:0, instance:testCases.ExecuteTest@c33b74f]" started-at="2022-10-03T12:11:42 IST" name="testLogin" finished-at="2022-10-03T12:11:49 IST" duration-ms="6721" status="PASS">
          <reporter-output>
          </reporter-output>
        </test-method> <!-- testLogin -->
      </class> <!-- testCases.ExecuteTest -->
    </test> <!-- Default test -->
  </suite> <!-- Default suite -->
</testng-results>
